CUDA is available!  Training on GPU ...

Epoch 1 Training:   0%|                                                                                                                                              | 0/221 [00:00<?, ?it/s]
Epoch 1 Training:  71%|██████████████████████████████████████████████████████████████████████████████████████████████▎                                     | 158/221 [02:00<00:48,  1.31it/s]
Epoch 1 Training:  71%|██████████████████████████████████████████████████████████████████████████████████████████████▎                                     | 158/221 [02:20<00:48,  1.31it/s]
Epoch 1 Training: 100%|████████████████████████████████████████████████████████████████████████████████████████████████████████████████████████████████████| 221/221 [02:49<00:00,  1.30it/s]
Batch 0, Loss: 4.6707, Acc: 0.00%
Batch 200, Loss: 1.0288, Acc: 58.30%

Epoch 1 Validation:   0%|                                                                                                                                             | 0/48 [00:00<?, ?it/s]
Epoch 1 Validation: 100%|████████████████████████████████████████████████████████████████████████████████████████████████████████████████████████████████████| 48/48 [00:35<00:00,  1.35it/s]
Epoch 1
Train Loss: 1.5689, Train Acc: 59.87%
Valid Loss: 0.8390, Valid Acc: 76.63%

Epoch 2 Training:   0%|                                                                                                                                              | 0/221 [00:00<?, ?it/s]
Epoch 2 Training:  71%|█████████████████████████████████████████████████████████████████████████████████████████████▊                                      | 157/221 [02:00<00:49,  1.30it/s]
Epoch 2 Training:  71%|█████████████████████████████████████████████████████████████████████████████████████████████▊                                      | 157/221 [02:14<00:49,  1.30it/s]
Epoch 2 Training: 100%|████████████████████████████████████████████████████████████████████████████████████████████████████████████████████████████████████| 221/221 [02:49<00:00,  1.31it/s]
Batch 0, Loss: 0.4544, Acc: 85.94%
Batch 200, Loss: 0.6462, Acc: 84.13%

Epoch 2 Validation:   0%|                                                                                                                                             | 0/48 [00:00<?, ?it/s]
Epoch 2 Validation: 100%|████████████████████████████████████████████████████████████████████████████████████████████████████████████████████████████████████| 48/48 [00:35<00:00,  1.37it/s]
Epoch 2
Train Loss: 0.5302, Train Acc: 84.00%
Valid Loss: 0.7303, Valid Acc: 79.04%

Epoch 3 Training:   0%|                                                                                                                                              | 0/221 [00:00<?, ?it/s]
Epoch 3 Training:  71%|█████████████████████████████████████████████████████████████████████████████████████████████▊                                      | 157/221 [02:00<00:49,  1.30it/s]
Epoch 3 Training:  71%|█████████████████████████████████████████████████████████████████████████████████████████████▊                                      | 157/221 [02:20<00:49,  1.30it/s]
Epoch 3 Training: 100%|████████████████████████████████████████████████████████████████████████████████████████████████████████████████████████████████████| 221/221 [02:49<00:00,  1.31it/s]
Batch 0, Loss: 0.3238, Acc: 89.06%
Batch 200, Loss: 0.2646, Acc: 91.64%

Epoch 3 Validation:   0%|                                                                                                                                             | 0/48 [00:00<?, ?it/s]
Epoch 3 Validation: 100%|████████████████████████████████████████████████████████████████████████████████████████████████████████████████████████████████████| 48/48 [00:35<00:00,  1.36it/s]
Epoch 3
Train Loss: 0.2820, Train Acc: 91.46%
Valid Loss: 0.7645, Valid Acc: 79.83%

Epoch 4 Training:   0%|                                                                                                                                              | 0/221 [00:00<?, ?it/s]
Epoch 4 Training:  71%|██████████████████████████████████████████████████████████████████████████████████████████████▎                                     | 158/221 [02:00<00:48,  1.31it/s]
Epoch 4 Training:  71%|██████████████████████████████████████████████████████████████████████████████████████████████▎                                     | 158/221 [02:15<00:48,  1.31it/s]
Epoch 4 Training: 100%|████████████████████████████████████████████████████████████████████████████████████████████████████████████████████████████████████| 221/221 [02:48<00:00,  1.31it/s]
Batch 0, Loss: 0.2097, Acc: 92.19%
Batch 200, Loss: 0.2080, Acc: 94.22%

Epoch 4 Validation:   0%|                                                                                                                                             | 0/48 [00:00<?, ?it/s]
Epoch 4 Validation: 100%|████████████████████████████████████████████████████████████████████████████████████████████████████████████████████████████████████| 48/48 [00:34<00:00,  1.38it/s]
Epoch 4
Train Loss: 0.1863, Train Acc: 94.14%
Valid Loss: 0.7317, Valid Acc: 80.43%

Epoch 5 Training:   0%|                                                                                                                                              | 0/221 [00:00<?, ?it/s]
Epoch 5 Training:  71%|██████████████████████████████████████████████████████████████████████████████████████████████▎                                     | 158/221 [02:00<00:48,  1.31it/s]
Epoch 5 Training:  71%|██████████████████████████████████████████████████████████████████████████████████████████████▎                                     | 158/221 [02:12<00:48,  1.31it/s]
Epoch 5 Training: 100%|████████████████████████████████████████████████████████████████████████████████████████████████████████████████████████████████████| 221/221 [02:48<00:00,  1.31it/s]
Batch 0, Loss: 0.0588, Acc: 100.00%
Batch 200, Loss: 0.0625, Acc: 96.24%

Epoch 5 Validation:   0%|                                                                                                                                             | 0/48 [00:00<?, ?it/s]
Epoch 5 Validation: 100%|████████████████████████████████████████████████████████████████████████████████████████████████████████████████████████████████████| 48/48 [00:35<00:00,  1.36it/s]
Epoch 5
Train Loss: 0.1259, Train Acc: 96.14%
Valid Loss: 0.8827, Valid Acc: 78.22%

Epoch 6 Training:   0%|                                                                                                                                              | 0/221 [00:00<?, ?it/s]
Epoch 6 Training:  70%|████████████████████████████████████████████████████████████████████████████████████████████▌                                       | 155/221 [02:00<00:51,  1.29it/s]
Epoch 6 Training:  70%|████████████████████████████████████████████████████████████████████████████████████████████▌                                       | 155/221 [02:18<00:51,  1.29it/s]
Epoch 6 Training: 100%|████████████████████████████████████████████████████████████████████████████████████████████████████████████████████████████████████| 221/221 [02:50<00:00,  1.30it/s]
Batch 0, Loss: 0.0589, Acc: 98.44%
Batch 200, Loss: 0.1092, Acc: 97.24%

Epoch 6 Validation:   0%|                                                                                                                                             | 0/48 [00:00<?, ?it/s]
Epoch 6 Validation: 100%|████████████████████████████████████████████████████████████████████████████████████████████████████████████████████████████████████| 48/48 [00:35<00:00,  1.35it/s]
Epoch 6
Train Loss: 0.0932, Train Acc: 97.23%
Valid Loss: 0.8857, Valid Acc: 79.60%

Epoch 7 Training:   0%|                                                                                                                                              | 0/221 [00:00<?, ?it/s]
Epoch 7 Training:  71%|█████████████████████████████████████████████████████████████████████████████████████████████▊                                      | 157/221 [02:00<00:49,  1.30it/s]
Epoch 7 Training:  71%|█████████████████████████████████████████████████████████████████████████████████████████████▊                                      | 157/221 [02:13<00:49,  1.30it/s]
Epoch 7 Training: 100%|████████████████████████████████████████████████████████████████████████████████████████████████████████████████████████████████████| 221/221 [02:50<00:00,  1.29it/s]
Batch 0, Loss: 0.0652, Acc: 98.44%
Batch 200, Loss: 0.2091, Acc: 97.33%

Epoch 7 Validation:   0%|                                                                                                                                             | 0/48 [00:00<?, ?it/s]
Epoch 7 Validation: 100%|████████████████████████████████████████████████████████████████████████████████████████████████████████████████████████████████████| 48/48 [00:35<00:00,  1.35it/s]
Epoch 7
Train Loss: 0.0859, Train Acc: 97.29%
Valid Loss: 0.8367, Valid Acc: 80.00%

Epoch 8 Training:   0%|                                                                                                                                              | 0/221 [00:00<?, ?it/s]
Epoch 8 Training:  70%|████████████████████████████████████████████████████████████████████████████████████████████▌                                       | 155/221 [02:00<00:51,  1.29it/s]
Epoch 8 Training:  70%|████████████████████████████████████████████████████████████████████████████████████████████▌                                       | 155/221 [02:16<00:51,  1.29it/s]
Epoch 8 Training: 100%|████████████████████████████████████████████████████████████████████████████████████████████████████████████████████████████████████| 221/221 [02:49<00:00,  1.31it/s]
Batch 0, Loss: 0.0413, Acc: 98.44%
Batch 200, Loss: 0.0307, Acc: 97.68%

Epoch 8 Validation:   0%|                                                                                                                                             | 0/48 [00:00<?, ?it/s]
Epoch 8 Validation: 100%|████████████████████████████████████████████████████████████████████████████████████████████████████████████████████████████████████| 48/48 [00:35<00:00,  1.37it/s]
Epoch 8
Train Loss: 0.0795, Train Acc: 97.71%
Valid Loss: 0.8362, Valid Acc: 81.22%

Epoch 9 Training:   0%|                                                                                                                                              | 0/221 [00:00<?, ?it/s]
Epoch 9 Training:  71%|█████████████████████████████████████████████████████████████████████████████████████████████▊                                      | 157/221 [02:00<00:48,  1.31it/s]
Epoch 9 Training:  71%|█████████████████████████████████████████████████████████████████████████████████████████████▊                                      | 157/221 [02:12<00:48,  1.31it/s]
Epoch 9 Training: 100%|████████████████████████████████████████████████████████████████████████████████████████████████████████████████████████████████████| 221/221 [02:48<00:00,  1.31it/s]
Batch 0, Loss: 0.0298, Acc: 100.00%
Batch 200, Loss: 0.0279, Acc: 98.12%

Epoch 9 Validation:   0%|                                                                                                                                             | 0/48 [00:00<?, ?it/s]
Epoch 9 Validation: 100%|████████████████████████████████████████████████████████████████████████████████████████████████████████████████████████████████████| 48/48 [00:34<00:00,  1.38it/s]
Epoch 9
Train Loss: 0.0611, Train Acc: 98.06%
Valid Loss: 0.9465, Valid Acc: 79.57%
Early stopping at epoch 9. No improvement in validation loss for 7 epochs.

Testing:   0%|                                                                                                                                                        | 0/48 [00:00<?, ?it/s]
Testing:   2%|███                                                                                                                                             | 1/48 [00:00<00:29,  1.57it/s]
Testing:   4%|██████                                                                                                                                          | 2/48 [00:01<00:31,  1.48it/s]
Testing:   6%|█████████                                                                                                                                       | 3/48 [00:02<00:30,  1.46it/s]
Testing:   8%|████████████                                                                                                                                    | 4/48 [00:02<00:32,  1.35it/s]
Testing:  10%|███████████████                                                                                                                                 | 5/48 [00:03<00:30,  1.40it/s]
Testing:  12%|██████████████████                                                                                                                              | 6/48 [00:04<00:32,  1.27it/s]
Testing:  15%|█████████████████████                                                                                                                           | 7/48 [00:05<00:32,  1.27it/s]
Testing:  17%|████████████████████████                                                                                                                        | 8/48 [00:06<00:31,  1.27it/s]
Testing:  19%|███████████████████████████                                                                                                                     | 9/48 [00:06<00:29,  1.32it/s]
Testing:  21%|█████████████████████████████▊                                                                                                                 | 10/48 [00:07<00:26,  1.41it/s]
Testing:  23%|████████████████████████████████▊                                                                                                              | 11/48 [00:08<00:27,  1.33it/s]
Testing:  25%|███████████████████████████████████▊                                                                                                           | 12/48 [00:09<00:29,  1.21it/s]
Testing:  27%|██████████████████████████████████████▋                                                                                                        | 13/48 [00:09<00:27,  1.29it/s]
Testing:  29%|█████████████████████████████████████████▋                                                                                                     | 14/48 [00:10<00:27,  1.26it/s]
Testing:  31%|████████████████████████████████████████████▋                                                                                                  | 15/48 [00:11<00:24,  1.34it/s]
Testing:  33%|███████████████████████████████████████████████▋                                                                                               | 16/48 [00:11<00:22,  1.41it/s]
Testing:  35%|██████████████████████████████████████████████████▋                                                                                            | 17/48 [00:12<00:21,  1.42it/s]
Testing:  38%|█████████████████████████████████████████████████████▋                                                                                         | 18/48 [00:13<00:22,  1.33it/s]
Testing:  40%|████████████████████████████████████████████████████████▌                                                                                      | 19/48 [00:14<00:21,  1.34it/s]
Testing:  42%|███████████████████████████████████████████████████████████▌                                                                                   | 20/48 [00:14<00:20,  1.39it/s]
Testing:  44%|██████████████████████████████████████████████████████████████▌                                                                                | 21/48 [00:15<00:18,  1.47it/s]
Testing:  46%|█████████████████████████████████████████████████████████████████▌                                                                             | 22/48 [00:16<00:18,  1.37it/s]
Testing:  48%|████████████████████████████████████████████████████████████████████▌                                                                          | 23/48 [00:16<00:17,  1.43it/s]
Testing:  50%|███████████████████████████████████████████████████████████████████████▌                                                                       | 24/48 [00:17<00:17,  1.35it/s]
Testing:  52%|██████████████████████████████████████████████████████████████████████████▍                                                                    | 25/48 [00:18<00:16,  1.42it/s]
Testing:  54%|█████████████████████████████████████████████████████████████████████████████▍                                                                 | 26/48 [00:19<00:16,  1.34it/s]
Testing:  56%|████████████████████████████████████████████████████████████████████████████████▍                                                              | 27/48 [00:19<00:14,  1.41it/s]
Testing:  58%|███████████████████████████████████████████████████████████████████████████████████▍                                                           | 28/48 [00:20<00:13,  1.46it/s]
Testing:  60%|██████████████████████████████████████████████████████████████████████████████████████▍                                                        | 29/48 [00:21<00:13,  1.40it/s]
Testing:  62%|█████████████████████████████████████████████████████████████████████████████████████████▍                                                     | 30/48 [00:21<00:12,  1.41it/s]
Testing:  65%|████████████████████████████████████████████████████████████████████████████████████████████▎                                                  | 31/48 [00:22<00:12,  1.40it/s]
Testing:  67%|███████████████████████████████████████████████████████████████████████████████████████████████▎                                               | 32/48 [00:23<00:11,  1.44it/s]
Testing:  69%|██████████████████████████████████████████████████████████████████████████████████████████████████▎                                            | 33/48 [00:24<00:11,  1.29it/s]
Testing:  71%|█████████████████████████████████████████████████████████████████████████████████████████████████████▎                                         | 34/48 [00:25<00:11,  1.17it/s]
Testing:  73%|████████████████████████████████████████████████████████████████████████████████████████████████████████▎                                      | 35/48 [00:26<00:12,  1.08it/s]
Testing:  75%|███████████████████████████████████████████████████████████████████████████████████████████████████████████▎                                   | 36/48 [00:27<00:11,  1.07it/s]
Testing:  77%|██████████████████████████████████████████████████████████████████████████████████████████████████████████████▏                                | 37/48 [00:28<00:09,  1.17it/s]
Testing:  79%|█████████████████████████████████████████████████████████████████████████████████████████████████████████████████▏                             | 38/48 [00:28<00:07,  1.25it/s]
Testing:  81%|████████████████████████████████████████████████████████████████████████████████████████████████████████████████████▏                          | 39/48 [00:29<00:07,  1.24it/s]
Testing:  83%|███████████████████████████████████████████████████████████████████████████████████████████████████████████████████████▏                       | 40/48 [00:30<00:06,  1.33it/s]
Testing:  85%|██████████████████████████████████████████████████████████████████████████████████████████████████████████████████████████▏                    | 41/48 [00:30<00:04,  1.41it/s]
Testing:  88%|█████████████████████████████████████████████████████████████████████████████████████████████████████████████████████████████▏                 | 42/48 [00:31<00:04,  1.27it/s]
Testing:  90%|████████████████████████████████████████████████████████████████████████████████████████████████████████████████████████████████               | 43/48 [00:32<00:03,  1.28it/s]
Testing:  92%|███████████████████████████████████████████████████████████████████████████████████████████████████████████████████████████████████            | 44/48 [00:33<00:03,  1.31it/s]
Testing:  94%|██████████████████████████████████████████████████████████████████████████████████████████████████████████████████████████████████████         | 45/48 [00:33<00:02,  1.38it/s]
Testing:  96%|█████████████████████████████████████████████████████████████████████████████████████████████████████████████████████████████████████████      | 46/48 [00:34<00:01,  1.19it/s]
Testing:  98%|████████████████████████████████████████████████████████████████████████████████████████████████████████████████████████████████████████████   | 47/48 [00:35<00:00,  1.17it/s]
Testing: 100%|███████████████████████████████████████████████████████████████████████████████████████████████████████████████████████████████████████████████| 48/48 [00:36<00:00,  1.51it/s]
Testing: 100%|███████████████████████████████████████████████████████████████████████████████████████████████████████████████████████████████████████████████| 48/48 [00:36<00:00,  1.33it/s]
Test Loss: 0.720546
Test Top-1 Accuracy: 79% (2421/3030)
Test Top-5 Accuracy: 96% (2911/3030)

[1.5689011410350713, 0.5302075273041272, 0.2819814368475616, 0.1862711577562455, 0.12587009531306734, 0.09322749698593606, 0.08587590833847744, 0.07948084736276603, 0.06107363232508369]

[0.8390262983739376, 0.7303443625569344, 0.764507409495612, 0.7317101936787367, 0.8826541143159071, 0.8856628847618898, 0.8366640073557695, 0.8362482360874613, 0.9464802201837301]
[59.872701555869874, 83.995756718529, 91.46393210749646, 94.13719943422913, 96.13861386138613, 97.23479490806224, 97.29137199434228, 97.70862800565772, 98.06223479490806]
[76.63366336633663, 79.04290429042905, 79.83498349834983, 80.42904290429043, 78.21782178217822, 79.60396039603961, 80.0, 81.22112211221122, 79.57095709570957]
