CUDA is available!  Training on GPU ...

Epoch 1 Training:   0%|                                                                                                                                                      | 0/221 [00:00<?, ?it/s]
Epoch 1 Training:  17%|███████████████████████▌                                                                                                                     | 37/221 [02:02<10:10,  3.32s/it]
Epoch 1 Training:  17%|███████████████████████▌                                                                                                                     | 37/221 [02:20<10:10,  3.32s/it]
Epoch 1 Training:  33%|██████████████████████████████████████████████▌                                                                                              | 73/221 [04:04<08:16,  3.36s/it]
Epoch 1 Training:  33%|██████████████████████████████████████████████▌                                                                                              | 73/221 [04:20<08:16,  3.36s/it]
Epoch 1 Training:  49%|████████████████████████████████████████████████████████████████████▍                                                                       | 108/221 [06:05<06:24,  3.40s/it]
Epoch 1 Training:  49%|████████████████████████████████████████████████████████████████████▍                                                                       | 108/221 [06:20<06:24,  3.40s/it]
Epoch 1 Training:  65%|██████████████████████████████████████████████████████████████████████████████████████████▌                                                 | 143/221 [08:07<04:28,  3.44s/it]
Epoch 1 Training:  65%|██████████████████████████████████████████████████████████████████████████████████████████▌                                                 | 143/221 [08:20<04:28,  3.44s/it]
Epoch 1 Training:  81%|█████████████████████████████████████████████████████████████████████████████████████████████████████████████████▍                          | 179/221 [10:09<02:23,  3.41s/it]
Epoch 1 Training:  81%|█████████████████████████████████████████████████████████████████████████████████████████████████████████████████▍                          | 179/221 [10:20<02:23,  3.41s/it]
Epoch 1 Training:  97%|████████████████████████████████████████████████████████████████████████████████████████████████████████████████████████████████████████▏   | 215/221 [12:09<00:20,  3.39s/it]
Epoch 1 Training:  97%|████████████████████████████████████████████████████████████████████████████████████████████████████████████████████████████████████████▏   | 215/221 [12:20<00:20,  3.39s/it]
Epoch 1 Training: 100%|████████████████████████████████████████████████████████████████████████████████████████████████████████████████████████████████████████████| 221/221 [12:29<00:00,  3.39s/it]
Batch 0, Loss: 4.6313, Acc: 0.00%
Batch 150, Loss: 1.5882, Acc: 42.81%

Epoch 1 Validation:   0%|                                                                                                                                                     | 0/48 [00:00<?, ?it/s]
Epoch 1 Validation:  88%|██████████████████████████████████████████████████████████████████████████████████████████████████████████████████████████▌                 | 42/48 [02:03<00:17,  2.93s/it]
Epoch 1 Validation:  88%|██████████████████████████████████████████████████████████████████████████████████████████████████████████████████████████▌                 | 42/48 [02:20<00:17,  2.93s/it]
Epoch 1 Validation: 100%|████████████████████████████████████████████████████████████████████████████████████████████████████████████████████████████████████████████| 48/48 [02:20<00:00,  2.93s/it]
Epoch 1
Train Loss: 2.4371, Train Acc: 53.47%
Valid Loss: 0.8837, Valid Acc: 82.18%

Epoch 2 Training:   0%|                                                                                                                                                      | 0/221 [00:00<?, ?it/s]
Epoch 2 Training:  35%|█████████████████████████████████████████████████▏                                                                                           | 77/221 [02:00<03:44,  1.56s/it]
Epoch 2 Training:  35%|█████████████████████████████████████████████████▏                                                                                           | 77/221 [02:19<03:44,  1.56s/it]
Epoch 2 Training:  70%|██████████████████████████████████████████████████████████████████████████████████████████████████▏                                         | 155/221 [04:00<01:42,  1.55s/it]
Epoch 2 Training:  70%|██████████████████████████████████████████████████████████████████████████████████████████████████▏                                         | 155/221 [04:19<01:42,  1.55s/it]
Epoch 2 Training: 100%|████████████████████████████████████████████████████████████████████████████████████████████████████████████████████████████████████████████| 221/221 [05:42<00:00,  1.55s/it]
Batch 0, Loss: 0.7725, Acc: 84.38%
Batch 150, Loss: 0.6005, Acc: 87.37%

Epoch 2 Validation:   0%|                                                                                                                                                     | 0/48 [00:00<?, ?it/s]
Epoch 2 Validation: 100%|████████████████████████████████████████████████████████████████████████████████████████████████████████████████████████████████████████████| 48/48 [00:51<00:00,  1.08s/it]
Epoch 2
Train Loss: 0.5356, Train Acc: 87.81%
Valid Loss: 0.4361, Valid Acc: 88.78%

Epoch 3 Training:   0%|                                                                                                                                                      | 0/221 [00:00<?, ?it/s]
Epoch 3 Training:  35%|█████████████████████████████████████████████████▊                                                                                           | 78/221 [02:01<03:42,  1.56s/it]
Epoch 3 Training:  35%|█████████████████████████████████████████████████▊                                                                                           | 78/221 [02:15<03:42,  1.56s/it]
Epoch 3 Training:  70%|█████████████████████████████████████████████████████████████████████████████████████████████████▌                                          | 154/221 [04:02<01:45,  1.58s/it]
Epoch 3 Training:  70%|█████████████████████████████████████████████████████████████████████████████████████████████████▌                                          | 154/221 [04:15<01:45,  1.58s/it]
Epoch 3 Training: 100%|████████████████████████████████████████████████████████████████████████████████████████████████████████████████████████████████████████████| 221/221 [05:45<00:00,  1.56s/it]
Batch 0, Loss: 0.1761, Acc: 96.88%
Batch 150, Loss: 0.1601, Acc: 95.48%

Epoch 3 Validation:   0%|                                                                                                                                                     | 0/48 [00:00<?, ?it/s]
Epoch 3 Validation: 100%|████████████████████████████████████████████████████████████████████████████████████████████████████████████████████████████████████████████| 48/48 [00:51<00:00,  1.07s/it]
Epoch 3
Train Loss: 0.2064, Train Acc: 95.43%
Valid Loss: 0.4048, Valid Acc: 88.68%

Epoch 4 Training:   0%|                                                                                                                                                      | 0/221 [00:00<?, ?it/s]
Epoch 4 Training:  35%|█████████████████████████████████████████████████▏                                                                                           | 77/221 [02:00<03:44,  1.56s/it]
Epoch 4 Training:  35%|█████████████████████████████████████████████████▏                                                                                           | 77/221 [02:18<03:44,  1.56s/it]
Epoch 4 Training:  71%|██████████████████████████████████████████████████████████████████████████████████████████████████▊                                         | 156/221 [04:00<01:40,  1.54s/it]
Epoch 4 Training:  71%|██████████████████████████████████████████████████████████████████████████████████████████████████▊                                         | 156/221 [04:18<01:40,  1.54s/it]
Epoch 4 Training: 100%|████████████████████████████████████████████████████████████████████████████████████████████████████████████████████████████████████████████| 221/221 [05:42<00:00,  1.55s/it]
Batch 0, Loss: 0.1291, Acc: 98.44%
Batch 150, Loss: 0.0749, Acc: 98.45%

Epoch 4 Validation:   0%|                                                                                                                                                     | 0/48 [00:00<?, ?it/s]
Epoch 4 Validation: 100%|████████████████████████████████████████████████████████████████████████████████████████████████████████████████████████████████████████████| 48/48 [00:52<00:00,  1.08s/it]
Epoch 4
Train Loss: 0.0873, Train Acc: 98.30%
Valid Loss: 0.3794, Valid Acc: 89.17%

Epoch 5 Training:   0%|                                                                                                                                                      | 0/221 [00:00<?, ?it/s]
Epoch 5 Training:  35%|█████████████████████████████████████████████████▊                                                                                           | 78/221 [02:01<03:41,  1.55s/it]
Epoch 5 Training:  35%|█████████████████████████████████████████████████▊                                                                                           | 78/221 [02:13<03:41,  1.55s/it]
Epoch 5 Training:  71%|███████████████████████████████████████████████████████████████████████████████████████████████████▍                                        | 157/221 [04:02<01:38,  1.54s/it]
Epoch 5 Training:  71%|███████████████████████████████████████████████████████████████████████████████████████████████████▍                                        | 157/221 [04:13<01:38,  1.54s/it]
Epoch 5 Training: 100%|████████████████████████████████████████████████████████████████████████████████████████████████████████████████████████████████████████████| 221/221 [05:41<00:00,  1.55s/it]
Batch 0, Loss: 0.0293, Acc: 100.00%
Batch 150, Loss: 0.0860, Acc: 98.87%

Epoch 5 Validation:   0%|                                                                                                                                                     | 0/48 [00:00<?, ?it/s]
Epoch 5 Validation: 100%|████████████████████████████████████████████████████████████████████████████████████████████████████████████████████████████████████████████| 48/48 [00:51<00:00,  1.07s/it]
Epoch 5
Train Loss: 0.0547, Train Acc: 98.94%
Valid Loss: 0.3819, Valid Acc: 89.47%

Epoch 6 Training:   0%|                                                                                                                                                      | 0/221 [00:00<?, ?it/s]
Epoch 6 Training:  35%|█████████████████████████████████████████████████▏                                                                                           | 77/221 [02:00<03:44,  1.56s/it]
Epoch 6 Training:  35%|█████████████████████████████████████████████████▏                                                                                           | 77/221 [02:20<03:44,  1.56s/it]
Epoch 6 Training:  70%|█████████████████████████████████████████████████████████████████████████████████████████████████▌                                          | 154/221 [04:00<01:44,  1.56s/it]
Epoch 6 Training:  70%|█████████████████████████████████████████████████████████████████████████████████████████████████▌                                          | 154/221 [04:20<01:44,  1.56s/it]
Epoch 6 Training: 100%|████████████████████████████████████████████████████████████████████████████████████████████████████████████████████████████████████████████| 221/221 [05:44<00:00,  1.56s/it]
Batch 0, Loss: 0.0155, Acc: 100.00%
Batch 150, Loss: 0.0102, Acc: 99.47%

Epoch 6 Validation:   0%|                                                                                                                                                     | 0/48 [00:00<?, ?it/s]
Epoch 6 Validation: 100%|████████████████████████████████████████████████████████████████████████████████████████████████████████████████████████████████████████████| 48/48 [00:52<00:00,  1.09s/it]
Epoch 6
Train Loss: 0.0346, Train Acc: 99.40%
Valid Loss: 0.3644, Valid Acc: 90.26%

Epoch 7 Training:   0%|                                                                                                                                                      | 0/221 [00:00<?, ?it/s]
Epoch 7 Training:  36%|██████████████████████████████████████████████████▍                                                                                          | 79/221 [02:01<03:37,  1.53s/it]
Epoch 7 Training:  36%|██████████████████████████████████████████████████▍                                                                                          | 79/221 [02:13<03:37,  1.53s/it]
Epoch 7 Training:  70%|██████████████████████████████████████████████████████████████████████████████████████████████████▏                                         | 155/221 [04:01<01:43,  1.56s/it]
Epoch 7 Training:  70%|██████████████████████████████████████████████████████████████████████████████████████████████████▏                                         | 155/221 [04:13<01:43,  1.56s/it]
Epoch 7 Training: 100%|████████████████████████████████████████████████████████████████████████████████████████████████████████████████████████████████████████████| 221/221 [05:42<00:00,  1.55s/it]
Batch 0, Loss: 0.0325, Acc: 98.44%
Batch 150, Loss: 0.0440, Acc: 99.53%

Epoch 7 Validation:   0%|                                                                                                                                                     | 0/48 [00:00<?, ?it/s]
Epoch 7 Validation: 100%|████████████████████████████████████████████████████████████████████████████████████████████████████████████████████████████████████████████| 48/48 [00:51<00:00,  1.07s/it]
Epoch 7
Train Loss: 0.0304, Train Acc: 99.40%
Valid Loss: 0.4117, Valid Acc: 89.34%

Epoch 8 Training:   0%|                                                                                                                                                      | 0/221 [00:00<?, ?it/s]
Epoch 8 Training:  36%|██████████████████████████████████████████████████▍                                                                                          | 79/221 [02:01<03:37,  1.53s/it]
Epoch 8 Training:  36%|██████████████████████████████████████████████████▍                                                                                          | 79/221 [02:19<03:37,  1.53s/it]
Epoch 8 Training:  71%|███████████████████████████████████████████████████████████████████████████████████████████████████▍                                        | 157/221 [04:02<01:38,  1.54s/it]
Epoch 8 Training:  71%|███████████████████████████████████████████████████████████████████████████████████████████████████▍                                        | 157/221 [04:19<01:38,  1.54s/it]
Epoch 8 Training: 100%|████████████████████████████████████████████████████████████████████████████████████████████████████████████████████████████████████████████| 221/221 [05:41<00:00,  1.55s/it]
Batch 0, Loss: 0.0200, Acc: 100.00%
Batch 150, Loss: 0.1277, Acc: 99.46%

Epoch 8 Validation:   0%|                                                                                                                                                     | 0/48 [00:00<?, ?it/s]
Epoch 8 Validation: 100%|████████████████████████████████████████████████████████████████████████████████████████████████████████████████████████████████████████████| 48/48 [00:51<00:00,  1.07s/it]
Epoch 8
Train Loss: 0.0289, Train Acc: 99.42%
Valid Loss: 0.4050, Valid Acc: 89.17%
Epoch 00008: reducing learning rate of group 0 to 1.0000e-05.

Epoch 9 Training:   0%|                                                                                                                                                      | 0/221 [00:00<?, ?it/s]
Epoch 9 Training:  35%|█████████████████████████████████████████████████▏                                                                                           | 77/221 [02:00<03:44,  1.56s/it]
Epoch 9 Training:  35%|█████████████████████████████████████████████████▏                                                                                           | 77/221 [02:16<03:44,  1.56s/it]
Epoch 9 Training:  70%|██████████████████████████████████████████████████████████████████████████████████████████████████▏                                         | 155/221 [04:01<01:42,  1.56s/it]
Epoch 9 Training:  70%|██████████████████████████████████████████████████████████████████████████████████████████████████▏                                         | 155/221 [04:16<01:42,  1.56s/it]
Epoch 9 Training: 100%|████████████████████████████████████████████████████████████████████████████████████████████████████████████████████████████████████████████| 221/221 [05:41<00:00,  1.55s/it]
Batch 0, Loss: 0.0247, Acc: 100.00%
Batch 150, Loss: 0.0054, Acc: 99.73%

Epoch 9 Validation:   0%|                                                                                                                                                     | 0/48 [00:00<?, ?it/s]
Epoch 9 Validation: 100%|████████████████████████████████████████████████████████████████████████████████████████████████████████████████████████████████████████████| 48/48 [00:51<00:00,  1.07s/it]
Epoch 9
Train Loss: 0.0168, Train Acc: 99.75%
Valid Loss: 0.3414, Valid Acc: 90.76%

Epoch 10 Training:   0%|                                                                                                                                                     | 0/221 [00:00<?, ?it/s]
Epoch 10 Training:  35%|█████████████████████████████████████████████████▍                                                                                          | 78/221 [02:00<03:40,  1.54s/it]
Epoch 10 Training:  35%|█████████████████████████████████████████████████▍                                                                                          | 78/221 [02:13<03:40,  1.54s/it]
Epoch 10 Training:  71%|██████████████████████████████████████████████████████████████████████████████████████████████████                                         | 156/221 [04:00<01:40,  1.54s/it]
Epoch 10 Training:  71%|██████████████████████████████████████████████████████████████████████████████████████████████████                                         | 156/221 [04:13<01:40,  1.54s/it]
Epoch 10 Training: 100%|███████████████████████████████████████████████████████████████████████████████████████████████████████████████████████████████████████████| 221/221 [05:40<00:00,  1.54s/it]
Batch 0, Loss: 0.0118, Acc: 100.00%
Batch 150, Loss: 0.0050, Acc: 99.90%

Epoch 10 Validation:   0%|                                                                                                                                                    | 0/48 [00:00<?, ?it/s]
Epoch 10 Validation: 100%|███████████████████████████████████████████████████████████████████████████████████████████████████████████████████████████████████████████| 48/48 [00:51<00:00,  1.08s/it]
Epoch 10
Train Loss: 0.0096, Train Acc: 99.88%
Valid Loss: 0.3346, Valid Acc: 90.89%

Epoch 11 Training:   0%|                                                                                                                                                     | 0/221 [00:00<?, ?it/s]
Epoch 11 Training:  35%|█████████████████████████████████████████████████▍                                                                                          | 78/221 [02:01<03:42,  1.55s/it]
Epoch 11 Training:  35%|█████████████████████████████████████████████████▍                                                                                          | 78/221 [02:20<03:42,  1.55s/it]
Epoch 11 Training:  71%|███████████████████████████████████████████████████████████████████████████████████████████████████▍                                       | 158/221 [04:02<01:36,  1.53s/it]
Epoch 11 Training:  71%|███████████████████████████████████████████████████████████████████████████████████████████████████▍                                       | 158/221 [04:20<01:36,  1.53s/it]
Epoch 11 Training: 100%|███████████████████████████████████████████████████████████████████████████████████████████████████████████████████████████████████████████| 221/221 [05:38<00:00,  1.53s/it]
Batch 0, Loss: 0.0068, Acc: 100.00%
Batch 150, Loss: 0.0058, Acc: 99.93%

Epoch 11 Validation:   0%|                                                                                                                                                    | 0/48 [00:00<?, ?it/s]
Epoch 11 Validation: 100%|███████████████████████████████████████████████████████████████████████████████████████████████████████████████████████████████████████████| 48/48 [00:50<00:00,  1.06s/it]
Epoch 11
Train Loss: 0.0071, Train Acc: 99.94%
Valid Loss: 0.3242, Valid Acc: 91.29%

Epoch 12 Training:   0%|                                                                                                                                                     | 0/221 [00:00<?, ?it/s]
Epoch 12 Training:  35%|█████████████████████████████████████████████████▍                                                                                          | 78/221 [02:00<03:40,  1.55s/it]
Epoch 12 Training:  35%|█████████████████████████████████████████████████▍                                                                                          | 78/221 [02:11<03:40,  1.55s/it]
Epoch 12 Training:  71%|███████████████████████████████████████████████████████████████████████████████████████████████████▍                                       | 158/221 [04:01<01:35,  1.52s/it]
Epoch 12 Training:  71%|███████████████████████████████████████████████████████████████████████████████████████████████████▍                                       | 158/221 [04:11<01:35,  1.52s/it]
Epoch 12 Training: 100%|███████████████████████████████████████████████████████████████████████████████████████████████████████████████████████████████████████████| 221/221 [05:39<00:00,  1.54s/it]
Batch 0, Loss: 0.0038, Acc: 100.00%
Batch 150, Loss: 0.0045, Acc: 99.96%

Epoch 12 Validation:   0%|                                                                                                                                                    | 0/48 [00:00<?, ?it/s]
Epoch 12 Validation: 100%|███████████████████████████████████████████████████████████████████████████████████████████████████████████████████████████████████████████| 48/48 [00:51<00:00,  1.06s/it]
Epoch 12
Train Loss: 0.0056, Train Acc: 99.96%
Valid Loss: 0.3168, Valid Acc: 91.68%

Epoch 13 Training:   0%|                                                                                                                                                     | 0/221 [00:00<?, ?it/s]
Epoch 13 Training:  35%|█████████████████████████████████████████████████▍                                                                                          | 78/221 [02:00<03:40,  1.54s/it]
Epoch 13 Training:  35%|█████████████████████████████████████████████████▍                                                                                          | 78/221 [02:10<03:40,  1.54s/it]
Epoch 13 Training:  71%|██████████████████████████████████████████████████████████████████████████████████████████████████▋                                        | 157/221 [04:01<01:38,  1.54s/it]
Epoch 13 Training:  71%|██████████████████████████████████████████████████████████████████████████████████████████████████▋                                        | 157/221 [04:20<01:38,  1.54s/it]
Epoch 13 Training: 100%|███████████████████████████████████████████████████████████████████████████████████████████████████████████████████████████████████████████| 221/221 [05:39<00:00,  1.54s/it]
Batch 0, Loss: 0.0013, Acc: 100.00%
Batch 150, Loss: 0.0054, Acc: 99.98%

Epoch 13 Validation:   0%|                                                                                                                                                    | 0/48 [00:00<?, ?it/s]
Epoch 13 Validation: 100%|███████████████████████████████████████████████████████████████████████████████████████████████████████████████████████████████████████████| 48/48 [00:51<00:00,  1.07s/it]
Epoch 13
Train Loss: 0.0047, Train Acc: 99.98%
Valid Loss: 0.3204, Valid Acc: 91.68%

Epoch 14 Training:   0%|                                                                                                                                                     | 0/221 [00:00<?, ?it/s]
Epoch 14 Training:  36%|██████████████████████████████████████████████████                                                                                          | 79/221 [02:01<03:37,  1.53s/it]
Epoch 14 Training:  36%|██████████████████████████████████████████████████                                                                                          | 79/221 [02:19<03:37,  1.53s/it]
Epoch 14 Training:  71%|███████████████████████████████████████████████████████████████████████████████████████████████████▍                                       | 158/221 [04:02<01:36,  1.53s/it]
Epoch 14 Training:  71%|███████████████████████████████████████████████████████████████████████████████████████████████████▍                                       | 158/221 [04:19<01:36,  1.53s/it]
Epoch 14 Training: 100%|███████████████████████████████████████████████████████████████████████████████████████████████████████████████████████████████████████████| 221/221 [05:39<00:00,  1.54s/it]
Batch 0, Loss: 0.0072, Acc: 100.00%
Batch 150, Loss: 0.0037, Acc: 99.98%

Epoch 14 Validation:   0%|                                                                                                                                                    | 0/48 [00:00<?, ?it/s]
Epoch 14 Validation: 100%|███████████████████████████████████████████████████████████████████████████████████████████████████████████████████████████████████████████| 48/48 [00:51<00:00,  1.07s/it]
Epoch 14
Train Loss: 0.0043, Train Acc: 99.98%
Valid Loss: 0.3153, Valid Acc: 91.55%

Epoch 15 Training:   0%|                                                                                                                                                     | 0/221 [00:00<?, ?it/s]
Epoch 15 Training:  36%|██████████████████████████████████████████████████                                                                                          | 79/221 [02:00<03:37,  1.53s/it]
Epoch 15 Training:  36%|██████████████████████████████████████████████████                                                                                          | 79/221 [02:19<03:37,  1.53s/it]
Epoch 15 Training:  72%|████████████████████████████████████████████████████████████████████████████████████████████████████                                       | 159/221 [04:02<01:34,  1.52s/it]
Epoch 15 Training:  72%|████████████████████████████████████████████████████████████████████████████████████████████████████                                       | 159/221 [04:19<01:34,  1.52s/it]
Epoch 15 Training: 100%|███████████████████████████████████████████████████████████████████████████████████████████████████████████████████████████████████████████| 221/221 [05:38<00:00,  1.53s/it]
Batch 0, Loss: 0.0048, Acc: 100.00%
Batch 150, Loss: 0.0124, Acc: 100.00%

Epoch 15 Validation:   0%|                                                                                                                                                    | 0/48 [00:00<?, ?it/s]
Epoch 15 Validation: 100%|███████████████████████████████████████████████████████████████████████████████████████████████████████████████████████████████████████████| 48/48 [00:51<00:00,  1.07s/it]
Epoch 15
Train Loss: 0.0041, Train Acc: 99.98%
Valid Loss: 0.3173, Valid Acc: 91.82%

Epoch 16 Training:   0%|                                                                                                                                                     | 0/221 [00:00<?, ?it/s]
Epoch 16 Training:  36%|██████████████████████████████████████████████████                                                                                          | 79/221 [02:00<03:36,  1.53s/it]
Epoch 16 Training:  36%|██████████████████████████████████████████████████                                                                                          | 79/221 [02:19<03:36,  1.53s/it]
Epoch 16 Training:  71%|███████████████████████████████████████████████████████████████████████████████████████████████████▍                                       | 158/221 [04:01<01:36,  1.53s/it]
Epoch 16 Training:  71%|███████████████████████████████████████████████████████████████████████████████████████████████████▍                                       | 158/221 [04:19<01:36,  1.53s/it]
Epoch 16 Training: 100%|███████████████████████████████████████████████████████████████████████████████████████████████████████████████████████████████████████████| 221/221 [05:37<00:00,  1.53s/it]
Batch 0, Loss: 0.0025, Acc: 100.00%
Batch 150, Loss: 0.0039, Acc: 99.96%

Epoch 16 Validation:   0%|                                                                                                                                                    | 0/48 [00:00<?, ?it/s]
Epoch 16 Validation: 100%|███████████████████████████████████████████████████████████████████████████████████████████████████████████████████████████████████████████| 48/48 [00:51<00:00,  1.06s/it]
Epoch 16
Train Loss: 0.0039, Train Acc: 99.96%
Valid Loss: 0.3129, Valid Acc: 91.58%

Epoch 17 Training:   0%|                                                                                                                                                     | 0/221 [00:00<?, ?it/s]
Epoch 17 Training:  36%|██████████████████████████████████████████████████▋                                                                                         | 80/221 [02:01<03:33,  1.51s/it]
Epoch 17 Training:  36%|██████████████████████████████████████████████████▋                                                                                         | 80/221 [02:21<03:33,  1.51s/it]
Epoch 17 Training:  72%|████████████████████████████████████████████████████████████████████████████████████████████████████                                       | 159/221 [04:01<01:34,  1.52s/it]
Epoch 17 Training:  72%|████████████████████████████████████████████████████████████████████████████████████████████████████                                       | 159/221 [04:21<01:34,  1.52s/it]
Epoch 17 Training: 100%|███████████████████████████████████████████████████████████████████████████████████████████████████████████████████████████████████████████| 221/221 [05:38<00:00,  1.53s/it]
Batch 0, Loss: 0.0018, Acc: 100.00%
Batch 150, Loss: 0.0024, Acc: 99.98%

Epoch 17 Validation:   0%|                                                                                                                                                    | 0/48 [00:00<?, ?it/s]
Epoch 17 Validation: 100%|███████████████████████████████████████████████████████████████████████████████████████████████████████████████████████████████████████████| 48/48 [00:51<00:00,  1.07s/it]
Epoch 17
Train Loss: 0.0033, Train Acc: 99.98%
Valid Loss: 0.3126, Valid Acc: 91.85%

Epoch 18 Training:   0%|                                                                                                                                                     | 0/221 [00:00<?, ?it/s]
Epoch 18 Training:  36%|██████████████████████████████████████████████████                                                                                          | 79/221 [02:00<03:36,  1.53s/it]
Epoch 18 Training:  36%|██████████████████████████████████████████████████                                                                                          | 79/221 [02:11<03:36,  1.53s/it]
Epoch 18 Training:  71%|███████████████████████████████████████████████████████████████████████████████████████████████████▍                                       | 158/221 [04:01<01:36,  1.53s/it]
Epoch 18 Training:  71%|███████████████████████████████████████████████████████████████████████████████████████████████████▍                                       | 158/221 [04:21<01:36,  1.53s/it]
Epoch 18 Training: 100%|███████████████████████████████████████████████████████████████████████████████████████████████████████████████████████████████████████████| 221/221 [05:38<00:00,  1.53s/it]
Batch 0, Loss: 0.0022, Acc: 100.00%
Batch 150, Loss: 0.0030, Acc: 99.98%

Epoch 18 Validation:   0%|                                                                                                                                                    | 0/48 [00:00<?, ?it/s]
Epoch 18 Validation: 100%|███████████████████████████████████████████████████████████████████████████████████████████████████████████████████████████████████████████| 48/48 [00:51<00:00,  1.07s/it]
Epoch 18
Train Loss: 0.0030, Train Acc: 99.98%
Valid Loss: 0.3119, Valid Acc: 91.52%

Epoch 19 Training:   0%|                                                                                                                                                     | 0/221 [00:00<?, ?it/s]
Epoch 19 Training:  36%|██████████████████████████████████████████████████                                                                                          | 79/221 [02:00<03:37,  1.53s/it]
Epoch 19 Training:  36%|██████████████████████████████████████████████████                                                                                          | 79/221 [02:11<03:37,  1.53s/it]
Epoch 19 Training:  72%|████████████████████████████████████████████████████████████████████████████████████████████████████                                       | 159/221 [04:02<01:34,  1.52s/it]
Epoch 19 Training:  72%|████████████████████████████████████████████████████████████████████████████████████████████████████                                       | 159/221 [04:21<01:34,  1.52s/it]
Epoch 19 Training: 100%|███████████████████████████████████████████████████████████████████████████████████████████████████████████████████████████████████████████| 221/221 [05:37<00:00,  1.53s/it]
Batch 0, Loss: 0.0062, Acc: 100.00%
Batch 150, Loss: 0.0020, Acc: 99.98%

Epoch 19 Validation:   0%|                                                                                                                                                    | 0/48 [00:00<?, ?it/s]
Epoch 19 Validation: 100%|███████████████████████████████████████████████████████████████████████████████████████████████████████████████████████████████████████████| 48/48 [00:51<00:00,  1.06s/it]
Epoch 19
Train Loss: 0.0028, Train Acc: 99.98%
Valid Loss: 0.3134, Valid Acc: 91.91%

Epoch 20 Training:   0%|                                                                                                                                                     | 0/221 [00:00<?, ?it/s]
Epoch 20 Training:  35%|█████████████████████████████████████████████████▍                                                                                          | 78/221 [02:01<03:41,  1.55s/it]
Epoch 20 Training:  35%|█████████████████████████████████████████████████▍                                                                                          | 78/221 [02:12<03:41,  1.55s/it]
Epoch 20 Training:  71%|███████████████████████████████████████████████████████████████████████████████████████████████████▍                                       | 158/221 [04:02<01:36,  1.53s/it]
Epoch 20 Training:  71%|███████████████████████████████████████████████████████████████████████████████████████████████████▍                                       | 158/221 [04:12<01:36,  1.53s/it]
Epoch 20 Training: 100%|███████████████████████████████████████████████████████████████████████████████████████████████████████████████████████████████████████████| 221/221 [05:38<00:00,  1.53s/it]
Batch 0, Loss: 0.0016, Acc: 100.00%
Batch 150, Loss: 0.0258, Acc: 99.94%

Epoch 20 Validation:   0%|                                                                                                                                                    | 0/48 [00:00<?, ?it/s]
Epoch 20 Validation: 100%|███████████████████████████████████████████████████████████████████████████████████████████████████████████████████████████████████████████| 48/48 [00:51<00:00,  1.07s/it]
Epoch 20
Train Loss: 0.0032, Train Acc: 99.94%
Valid Loss: 0.3096, Valid Acc: 91.91%

Epoch 21 Training:   0%|                                                                                                                                                     | 0/221 [00:00<?, ?it/s]
Epoch 21 Training:  35%|█████████████████████████████████████████████████▍                                                                                          | 78/221 [02:00<03:40,  1.54s/it]
Epoch 21 Training:  35%|█████████████████████████████████████████████████▍                                                                                          | 78/221 [02:13<03:40,  1.54s/it]
Epoch 21 Training:  71%|██████████████████████████████████████████████████████████████████████████████████████████████████                                         | 156/221 [04:00<01:40,  1.54s/it]
Epoch 21 Training:  71%|██████████████████████████████████████████████████████████████████████████████████████████████████                                         | 156/221 [04:13<01:40,  1.54s/it]
Epoch 21 Training: 100%|███████████████████████████████████████████████████████████████████████████████████████████████████████████████████████████████████████████| 221/221 [05:40<00:00,  1.54s/it]
Batch 0, Loss: 0.0020, Acc: 100.00%
Batch 150, Loss: 0.0009, Acc: 99.97%

Epoch 21 Validation:   0%|                                                                                                                                                    | 0/48 [00:00<?, ?it/s]
Epoch 21 Validation: 100%|███████████████████████████████████████████████████████████████████████████████████████████████████████████████████████████████████████████| 48/48 [00:51<00:00,  1.07s/it]
Epoch 21
Train Loss: 0.0026, Train Acc: 99.97%
Valid Loss: 0.3150, Valid Acc: 91.98%

Epoch 22 Training:   0%|                                                                                                                                                     | 0/221 [00:00<?, ?it/s]
Epoch 22 Training:  35%|█████████████████████████████████████████████████▍                                                                                          | 78/221 [02:00<03:40,  1.54s/it]
Epoch 22 Training:  35%|█████████████████████████████████████████████████▍                                                                                          | 78/221 [02:11<03:40,  1.54s/it]
Epoch 22 Training:  71%|██████████████████████████████████████████████████████████████████████████████████████████████████▋                                        | 157/221 [04:01<01:38,  1.54s/it]
Epoch 22 Training:  71%|██████████████████████████████████████████████████████████████████████████████████████████████████▋                                        | 157/221 [04:11<01:38,  1.54s/it]
Epoch 22 Training: 100%|███████████████████████████████████████████████████████████████████████████████████████████████████████████████████████████████████████████| 221/221 [05:38<00:00,  1.53s/it]
Batch 0, Loss: 0.0036, Acc: 100.00%
Batch 150, Loss: 0.0010, Acc: 99.99%

Epoch 22 Validation:   0%|                                                                                                                                                    | 0/48 [00:00<?, ?it/s]
Epoch 22 Validation: 100%|███████████████████████████████████████████████████████████████████████████████████████████████████████████████████████████████████████████| 48/48 [00:51<00:00,  1.07s/it]
Epoch 22
Train Loss: 0.0023, Train Acc: 99.98%
Valid Loss: 0.3144, Valid Acc: 92.01%
Epoch 00022: reducing learning rate of group 0 to 1.0000e-06.

Epoch 23 Training:   0%|                                                                                                                                                     | 0/221 [00:00<?, ?it/s]
Epoch 23 Training:  35%|█████████████████████████████████████████████████▍                                                                                          | 78/221 [02:00<03:40,  1.54s/it]
Epoch 23 Training:  35%|█████████████████████████████████████████████████▍                                                                                          | 78/221 [02:12<03:40,  1.54s/it]
Epoch 23 Training:  71%|██████████████████████████████████████████████████████████████████████████████████████████████████▋                                        | 157/221 [04:00<01:38,  1.53s/it]
Epoch 23 Training:  71%|██████████████████████████████████████████████████████████████████████████████████████████████████▋                                        | 157/221 [04:12<01:38,  1.53s/it]
Epoch 23 Training: 100%|███████████████████████████████████████████████████████████████████████████████████████████████████████████████████████████████████████████| 221/221 [05:37<00:00,  1.53s/it]
Batch 0, Loss: 0.0036, Acc: 100.00%
Batch 150, Loss: 0.0031, Acc: 99.99%

Epoch 23 Validation:   0%|                                                                                                                                                    | 0/48 [00:00<?, ?it/s]
Epoch 23 Validation: 100%|███████████████████████████████████████████████████████████████████████████████████████████████████████████████████████████████████████████| 48/48 [00:50<00:00,  1.05s/it]
Epoch 23
Train Loss: 0.0022, Train Acc: 99.99%
Valid Loss: 0.3045, Valid Acc: 92.21%

Epoch 24 Training:   0%|                                                                                                                                                     | 0/221 [00:00<?, ?it/s]
Epoch 24 Training:  36%|██████████████████████████████████████████████████                                                                                          | 79/221 [02:00<03:37,  1.53s/it]
Epoch 24 Training:  36%|██████████████████████████████████████████████████                                                                                          | 79/221 [02:13<03:37,  1.53s/it]
Epoch 24 Training:  72%|████████████████████████████████████████████████████████████████████████████████████████████████████                                       | 159/221 [04:02<01:34,  1.52s/it]
Epoch 24 Training:  72%|████████████████████████████████████████████████████████████████████████████████████████████████████                                       | 159/221 [04:13<01:34,  1.52s/it]
Epoch 24 Training: 100%|███████████████████████████████████████████████████████████████████████████████████████████████████████████████████████████████████████████| 221/221 [05:38<00:00,  1.53s/it]
Batch 0, Loss: 0.0014, Acc: 100.00%
Batch 150, Loss: 0.0014, Acc: 99.99%

Epoch 24 Validation:   0%|                                                                                                                                                    | 0/48 [00:00<?, ?it/s]
Epoch 24 Validation: 100%|███████████████████████████████████████████████████████████████████████████████████████████████████████████████████████████████████████████| 48/48 [00:51<00:00,  1.07s/it]
Epoch 24
Train Loss: 0.0021, Train Acc: 99.99%
Valid Loss: 0.3128, Valid Acc: 92.18%

Epoch 25 Training:   0%|                                                                                                                                                     | 0/221 [00:00<?, ?it/s]
Epoch 25 Training:  36%|██████████████████████████████████████████████████                                                                                          | 79/221 [02:01<03:38,  1.54s/it]
Epoch 25 Training:  36%|██████████████████████████████████████████████████                                                                                          | 79/221 [02:13<03:38,  1.54s/it]
Epoch 25 Training:  71%|███████████████████████████████████████████████████████████████████████████████████████████████████▍                                       | 158/221 [04:02<01:36,  1.54s/it]
Epoch 25 Training:  71%|███████████████████████████████████████████████████████████████████████████████████████████████████▍                                       | 158/221 [04:13<01:36,  1.54s/it]
Epoch 25 Training: 100%|███████████████████████████████████████████████████████████████████████████████████████████████████████████████████████████████████████████| 221/221 [05:40<00:00,  1.54s/it]
Batch 0, Loss: 0.0009, Acc: 100.00%
Batch 150, Loss: 0.0012, Acc: 99.96%

Epoch 25 Validation:   0%|                                                                                                                                                    | 0/48 [00:00<?, ?it/s]
Epoch 25 Validation: 100%|███████████████████████████████████████████████████████████████████████████████████████████████████████████████████████████████████████████| 48/48 [00:52<00:00,  1.09s/it]
Epoch 25
Train Loss: 0.0023, Train Acc: 99.96%
Valid Loss: 0.3123, Valid Acc: 91.95%
Epoch 00025: reducing learning rate of group 0 to 1.0000e-07.

Epoch 26 Training:   0%|                                                                                                                                                     | 0/221 [00:00<?, ?it/s]
Epoch 26 Training:  36%|██████████████████████████████████████████████████                                                                                          | 79/221 [02:01<03:38,  1.54s/it]
Epoch 26 Training:  36%|██████████████████████████████████████████████████                                                                                          | 79/221 [02:21<03:38,  1.54s/it]
Epoch 26 Training:  71%|██████████████████████████████████████████████████████████████████████████████████████████████████                                         | 156/221 [04:02<01:41,  1.56s/it]
Epoch 26 Training:  71%|██████████████████████████████████████████████████████████████████████████████████████████████████                                         | 156/221 [04:21<01:41,  1.56s/it]
Epoch 26 Training: 100%|███████████████████████████████████████████████████████████████████████████████████████████████████████████████████████████████████████████| 221/221 [05:43<00:00,  1.55s/it]
Batch 0, Loss: 0.0041, Acc: 100.00%
Batch 150, Loss: 0.0011, Acc: 99.99%

Epoch 26 Validation:   0%|                                                                                                                                                    | 0/48 [00:00<?, ?it/s]
Epoch 26 Validation: 100%|███████████████████████████████████████████████████████████████████████████████████████████████████████████████████████████████████████████| 48/48 [00:52<00:00,  1.09s/it]
Epoch 26
Train Loss: 0.0020, Train Acc: 99.98%
Valid Loss: 0.3197, Valid Acc: 91.75%

Epoch 27 Training:   0%|                                                                                                                                                     | 0/221 [00:00<?, ?it/s]
Epoch 27 Training:  35%|█████████████████████████████████████████████████▍                                                                                          | 78/221 [02:00<03:40,  1.55s/it]
Epoch 27 Training:  35%|█████████████████████████████████████████████████▍                                                                                          | 78/221 [02:15<03:40,  1.55s/it]
Epoch 27 Training:  71%|██████████████████████████████████████████████████████████████████████████████████████████████████                                         | 156/221 [04:01<01:40,  1.55s/it]
Epoch 27 Training:  71%|██████████████████████████████████████████████████████████████████████████████████████████████████                                         | 156/221 [04:16<01:40,  1.55s/it]
Epoch 27 Training: 100%|███████████████████████████████████████████████████████████████████████████████████████████████████████████████████████████████████████████| 221/221 [05:41<00:00,  1.55s/it]
Batch 0, Loss: 0.0008, Acc: 100.00%
Batch 150, Loss: 0.0008, Acc: 99.98%

Epoch 27 Validation:   0%|                                                                                                                                                    | 0/48 [00:00<?, ?it/s]
Epoch 27 Validation: 100%|███████████████████████████████████████████████████████████████████████████████████████████████████████████████████████████████████████████| 48/48 [00:52<00:00,  1.09s/it]
Epoch 27
Train Loss: 0.0020, Train Acc: 99.98%
Valid Loss: 0.3133, Valid Acc: 92.18%
Epoch 00027: reducing learning rate of group 0 to 1.0000e-08.
Early stopping at epoch 27. No improvement in validation loss for 4 epochs.
